#-----------------------------------------------------------
# Vivado v2019.1 (64-bit)
# SW Build 2552052 on Fri May 24 14:49:42 MDT 2019
# IP Build 2548770 on Fri May 24 18:01:18 MDT 2019
# Start of session at: Wed Mar 29 11:42:20 2023
# Process ID: 1008
# Current directory: C:/Users/Anti-cheat-WIN10/Desktop/LFSR
# Command line: vivado.exe -gui_launcher_event rodinguilauncherevent2224 C:\Users\Anti-cheat-WIN10\Desktop\LFSR\LFSR.xpr
# Log file: C:/Users/Anti-cheat-WIN10/Desktop/LFSR/vivado.log
# Journal file: C:/Users/Anti-cheat-WIN10/Desktop/LFSR\vivado.jou
#-----------------------------------------------------------
start_gui
open_project C:/Users/Anti-cheat-WIN10/Desktop/LFSR/LFSR.xpr
Scanning sources...
Finished scanning sources
INFO: [IP_Flow 19-234] Refreshing IP repositories
INFO: [IP_Flow 19-1704] No user IP repositories specified
INFO: [IP_Flow 19-2313] Loaded Vivado IP repository 'C:/Xilinx/Vivado/2019.1/data/ip'.
update_compile_order -fileset sources_1
launch_simulation
INFO: [Vivado 12-5682] Launching behavioral simulation in 'C:/Users/Anti-cheat-WIN10/Desktop/LFSR/LFSR.sim/sim_1/behav/xsim'
INFO: [SIM-utils-51] Simulation object is 'sim_1'
INFO: [SIM-utils-54] Inspecting design source files for 'LFSR_tb' in fileset 'sim_1'...
INFO: [USF-XSim-97] Finding global include files...
INFO: [USF-XSim-98] Fetching design files from 'sim_1'...
INFO: [USF-XSim-2] XSim::Compile design
INFO: [USF-XSim-61] Executing 'COMPILE and ANALYZE' step in 'C:/Users/Anti-cheat-WIN10/Desktop/LFSR/LFSR.sim/sim_1/behav/xsim'
"xvlog --incr --relax -prj LFSR_tb_vlog.prj"
INFO: [VRFC 10-2263] Analyzing Verilog file "C:/Users/Anti-cheat-WIN10/Desktop/LFSR/LFSR.srcs/sources_1/new/LFSR.v" into library xil_defaultlib
INFO: [VRFC 10-311] analyzing module LFSR
INFO: [VRFC 10-2263] Analyzing Verilog file "C:/Users/Anti-cheat-WIN10/Desktop/LFSR/LFSR.srcs/sim_1/new/LFSR_tb.v" into library xil_defaultlib
INFO: [VRFC 10-311] analyzing module LFSR_tb
INFO: [VRFC 10-2263] Analyzing Verilog file "C:/Users/Anti-cheat-WIN10/Desktop/LFSR/LFSR.sim/sim_1/behav/xsim/glbl.v" into library xil_defaultlib
INFO: [VRFC 10-311] analyzing module glbl
INFO: [USF-XSim-69] 'compile' step finished in '1' seconds
INFO: [USF-XSim-3] XSim::Elaborate design
INFO: [USF-XSim-61] Executing 'ELABORATE' step in 'C:/Users/Anti-cheat-WIN10/Desktop/LFSR/LFSR.sim/sim_1/behav/xsim'
"xelab -wto f6955387d7704bb8b95ddcd85c2155b8 --incr --debug typical --relax --mt 2 -L xil_defaultlib -L unisims_ver -L unimacro_ver -L secureip --snapshot LFSR_tb_behav xil_defaultlib.LFSR_tb xil_defaultlib.glbl -log elaborate.log"
Vivado Simulator 2019.1
Copyright 1986-1999, 2001-2019 Xilinx, Inc. All Rights Reserved.
Running: C:/Xilinx/Vivado/2019.1/bin/unwrapped/win64.o/xelab.exe -wto f6955387d7704bb8b95ddcd85c2155b8 --incr --debug typical --relax --mt 2 -L xil_defaultlib -L unisims_ver -L unimacro_ver -L secureip --snapshot LFSR_tb_behav xil_defaultlib.LFSR_tb xil_defaultlib.glbl -log elaborate.log 
Using 2 slave threads.
Starting static elaboration
Completed static elaboration
Starting simulation data flow analysis
Completed simulation data flow analysis
Time Resolution for simulation is 1ps
Compiling module unisims_ver.FDRE_default
Compiling module xil_defaultlib.LFSR
Compiling module xil_defaultlib.LFSR_tb
Compiling module xil_defaultlib.glbl
Built simulation snapshot LFSR_tb_behav

****** Webtalk v2019.1 (64-bit)
  **** SW Build 2552052 on Fri May 24 14:49:42 MDT 2019
  **** IP Build 2548770 on Fri May 24 18:01:18 MDT 2019
    ** Copyright 1986-2019 Xilinx, Inc. All Rights Reserved.

source C:/Users/Anti-cheat-WIN10/Desktop/LFSR/LFSR.sim/sim_1/behav/xsim/xsim.dir/LFSR_tb_behav/webtalk/xsim_webtalk.tcl -notrace
INFO: [Common 17-186] 'C:/Users/Anti-cheat-WIN10/Desktop/LFSR/LFSR.sim/sim_1/behav/xsim/xsim.dir/LFSR_tb_behav/webtalk/usage_statistics_ext_xsim.xml' has been successfully sent to Xilinx on Wed Mar 29 11:42:45 2023. For additional details about this file, please refer to the WebTalk help file at C:/Xilinx/Vivado/2019.1/doc/webtalk_introduction.html.
INFO: [Common 17-206] Exiting Webtalk at Wed Mar 29 11:42:45 2023...
run_program: Time (s): cpu = 00:00:01 ; elapsed = 00:00:06 . Memory (MB): peak = 800.430 ; gain = 0.000
INFO: [USF-XSim-69] 'elaborate' step finished in '6' seconds
INFO: [USF-XSim-4] XSim::Simulate design
INFO: [USF-XSim-61] Executing 'SIMULATE' step in 'C:/Users/Anti-cheat-WIN10/Desktop/LFSR/LFSR.sim/sim_1/behav/xsim'
INFO: [USF-XSim-98] *** Running xsim
   with args "LFSR_tb_behav -key {Behavioral:sim_1:Functional:LFSR_tb} -tclbatch {LFSR_tb.tcl} -log {simulate.log}"
INFO: [USF-XSim-8] Loading simulator feature
Vivado Simulator 2019.1
Time resolution is 1 ps
source LFSR_tb.tcl
# set curr_wave [current_wave_config]
# if { [string length $curr_wave] == 0 } {
#   if { [llength [get_objects]] > 0} {
#     add_wave /
#     set_property needs_save false [current_wave_config]
#   } else {
#      send_msg_id Add_Wave-1 WARNING "No top level signals found. Simulator will start without a wave window. If you want to open a wave window go to 'File->New Waveform Configuration' or type 'create_wave_config' in the TCL console."
#   }
# }
# run 1000ns
INFO: [USF-XSim-96] XSim completed. Design snapshot 'LFSR_tb_behav' loaded.
INFO: [USF-XSim-97] XSim simulation ran for 1000ns
launch_simulation: Time (s): cpu = 00:00:05 ; elapsed = 00:00:10 . Memory (MB): peak = 800.430 ; gain = 0.000
run all
run: Time (s): cpu = 00:00:12 ; elapsed = 00:00:11 . Memory (MB): peak = 800.430 ; gain = 0.000
close_sim
INFO: [Simtcl 6-16] Simulation closed
close_sim: Time (s): cpu = 00:00:02 ; elapsed = 00:00:06 . Memory (MB): peak = 800.430 ; gain = 0.000
exit
INFO: [Common 17-206] Exiting Vivado at Wed Mar 29 11:43:11 2023...
